<?xml version="1.0" encoding="UTF-8"?>
<!-- Generated by org.testng.reporters.JUnitXMLReporter -->
<testsuite hostname="DeepakVarma" ignored="0" name="Test" tests="1" failures="1" timestamp="2020-10-28T11:54:57 IST" time="1.651" errors="0">
  <testcase name="testdata" time="0.039" classname="automationStepByStep.SecondTestCase">
    <failure type="java.lang.NullPointerException">
      <![CDATA[java.lang.NullPointerException
at apiConfigs.ApiValidation.postMethod(ApiValidation.java:38)
at automationStepByStep.SecondTestCase.testdata(SecondTestCase.java:29)
at java.util.ArrayList.forEach(Unknown Source)
... Removed 27 stack frames]]>
    </failure>
  </testcase> <!-- testdata -->
</testsuite> <!-- Test -->
